  [1m[35m (0.1ms)[0m  [1m[34mSELECT sqlite_version(*)[0m
  ↳ bin/rails:9
  [1m[35m (6.9ms)[0m  [1m[35mCREATE TABLE "schema_migrations" ("version" varchar NOT NULL PRIMARY KEY)[0m
  ↳ bin/rails:9
  [1m[35m (5.8ms)[0m  [1m[35mCREATE TABLE "ar_internal_metadata" ("key" varchar NOT NULL PRIMARY KEY, "value" varchar, "created_at" datetime NOT NULL, "updated_at" datetime NOT NULL)[0m
  ↳ bin/rails:9
  [1m[35m (0.2ms)[0m  [1m[34mSELECT "schema_migrations"."version" FROM "schema_migrations" ORDER BY "schema_migrations"."version" ASC[0m
  ↳ bin/rails:9
Migrating to CreateTasks (20190109162941)
  [1m[35m (0.1ms)[0m  [1m[36mbegin transaction[0m
  ↳ bin/rails:9
  [1m[35m (1.6ms)[0m  [1m[35mCREATE TABLE "tasks" ("id" integer PRIMARY KEY AUTOINCREMENT NOT NULL, "title" varchar, "text" text, "created_at" datetime NOT NULL, "updated_at" datetime NOT NULL)[0m
  ↳ db/migrate/20190109162941_create_tasks.rb:3
  [1m[36mActiveRecord::SchemaMigration Create (0.4ms)[0m  [1m[32mINSERT INTO "schema_migrations" ("version") VALUES (?)[0m  [["version", "20190109162941"]]
  ↳ bin/rails:9
  [1m[35m (6.3ms)[0m  [1m[36mcommit transaction[0m
  ↳ bin/rails:9
  [1m[36mActiveRecord::InternalMetadata Load (0.4ms)[0m  [1m[34mSELECT  "ar_internal_metadata".* FROM "ar_internal_metadata" WHERE "ar_internal_metadata"."key" = ? LIMIT ?[0m  [["key", "environment"], ["LIMIT", 1]]
  ↳ bin/rails:9
  [1m[35m (0.1ms)[0m  [1m[36mbegin transaction[0m
  ↳ bin/rails:9
  [1m[36mActiveRecord::InternalMetadata Create (1.3ms)[0m  [1m[32mINSERT INTO "ar_internal_metadata" ("key", "value", "created_at", "updated_at") VALUES (?, ?, ?, ?)[0m  [["key", "environment"], ["value", "development"], ["created_at", "2019-01-09 16:30:06.485593"], ["updated_at", "2019-01-09 16:30:06.485593"]]
  ↳ bin/rails:9
  [1m[35m (9.0ms)[0m  [1m[36mcommit transaction[0m
  ↳ bin/rails:9
  [1m[35m (0.2ms)[0m  [1m[34mSELECT "schema_migrations"."version" FROM "schema_migrations" ORDER BY "schema_migrations"."version" ASC[0m
  ↳ bin/rails:9
  [1m[35m (0.5ms)[0m  [1m[34mSELECT "schema_migrations"."version" FROM "schema_migrations" ORDER BY "schema_migrations"."version" ASC[0m
  ↳ bin/rails:9
Migrating to CreateTags (20190109163641)
  [1m[35m (0.2ms)[0m  [1m[36mbegin transaction[0m
  ↳ bin/rails:9
  [1m[35m (0.3ms)[0m  [1m[34mSELECT sqlite_version(*)[0m
  ↳ db/migrate/20190109163641_create_tags.rb:3
  [1m[35m (6.8ms)[0m  [1m[35mCREATE TABLE "tags" ("id" integer PRIMARY KEY AUTOINCREMENT NOT NULL, "name" varchar, "created_at" datetime NOT NULL, "updated_at" datetime NOT NULL)[0m
  ↳ db/migrate/20190109163641_create_tags.rb:3
  [1m[36mActiveRecord::SchemaMigration Create (1.2ms)[0m  [1m[32mINSERT INTO "schema_migrations" ("version") VALUES (?)[0m  [["version", "20190109163641"]]
  ↳ bin/rails:9
  [1m[35m (16.4ms)[0m  [1m[36mcommit transaction[0m
  ↳ bin/rails:9
Migrating to CreateTaggings (20190109163756)
  [1m[35m (0.2ms)[0m  [1m[36mbegin transaction[0m
  ↳ bin/rails:9
  [1m[35m (4.0ms)[0m  [1m[35mCREATE TABLE "taggings" ("id" integer PRIMARY KEY AUTOINCREMENT NOT NULL, "post_id" integer, "tag_id" integer, "created_at" datetime NOT NULL, "updated_at" datetime NOT NULL, CONSTRAINT "fk_rails_2c662e858e"
FOREIGN KEY ("post_id")
  REFERENCES "posts" ("id")
, CONSTRAINT "fk_rails_9fcd2e236b"
FOREIGN KEY ("tag_id")
  REFERENCES "tags" ("id")
)[0m
  ↳ db/migrate/20190109163756_create_taggings.rb:3
  [1m[35m (0.5ms)[0m  [1m[35mCREATE  INDEX "index_taggings_on_post_id" ON "taggings" ("post_id")[0m
  ↳ db/migrate/20190109163756_create_taggings.rb:3
  [1m[35m (0.4ms)[0m  [1m[35mCREATE  INDEX "index_taggings_on_tag_id" ON "taggings" ("tag_id")[0m
  ↳ db/migrate/20190109163756_create_taggings.rb:3
  [1m[36mActiveRecord::SchemaMigration Create (1.1ms)[0m  [1m[32mINSERT INTO "schema_migrations" ("version") VALUES (?)[0m  [["version", "20190109163756"]]
  ↳ bin/rails:9
  [1m[35m (14.8ms)[0m  [1m[36mcommit transaction[0m
  ↳ bin/rails:9
  [1m[36mActiveRecord::InternalMetadata Load (0.9ms)[0m  [1m[34mSELECT  "ar_internal_metadata".* FROM "ar_internal_metadata" WHERE "ar_internal_metadata"."key" = ? LIMIT ?[0m  [["key", "environment"], ["LIMIT", 1]]
  ↳ bin/rails:9
  [1m[35m (0.2ms)[0m  [1m[36mbegin transaction[0m
  ↳ bin/rails:9
  [1m[35m (0.1ms)[0m  [1m[36mcommit transaction[0m
  ↳ bin/rails:9
  [1m[35m (0.7ms)[0m  [1m[34mSELECT "schema_migrations"."version" FROM "schema_migrations" ORDER BY "schema_migrations"."version" ASC[0m
  ↳ bin/rails:9
Started GET "/" for 127.0.0.1 at 2019-01-10 00:39:44 +0800
  [1m[35m (0.3ms)[0m  [1m[34mSELECT "schema_migrations"."version" FROM "schema_migrations" ORDER BY "schema_migrations"."version" ASC[0m
  ↳ /home/mandy/.rvm/gems/ruby-2.5.1/gems/activerecord-5.2.2/lib/active_record/log_subscriber.rb:98
Processing by WelcomeController#index as HTML
  Rendering welcome/index.html.erb within layouts/application
  Rendered welcome/index.html.erb within layouts/application (4.8ms)
Completed 200 OK in 2723ms (Views: 2713.7ms | ActiveRecord: 0.0ms)


Started GET "/tasks" for 127.0.0.1 at 2019-01-10 00:39:50 +0800
Processing by TasksController#index as HTML
  Rendering tasks/index.html.erb within layouts/application
  [1m[36mTask Load (0.6ms)[0m  [1m[34mSELECT "tasks".* FROM "tasks"[0m
  ↳ app/views/tasks/index.html.erb:11
  Rendered tasks/index.html.erb within layouts/application (17.0ms)
Completed 200 OK in 147ms (Views: 87.4ms | ActiveRecord: 2.0ms)


Started GET "/tasks/new" for 127.0.0.1 at 2019-01-10 00:39:51 +0800
Processing by TasksController#new as HTML
  Rendering tasks/new.html.erb within layouts/application
  Rendered tasks/_form.html.erb (126.4ms)
  Rendered tasks/new.html.erb within layouts/application (128.8ms)
Completed 200 OK in 175ms (Views: 163.0ms | ActiveRecord: 0.7ms)


Started POST "/tasks" for 127.0.0.1 at 2019-01-10 00:40:01 +0800
Processing by TasksController#create as HTML
  Parameters: {"utf8"=>"✓", "authenticity_token"=>"GGLwQMfwNUZhA8TFaZRnop4+OfcdG0HPauQOSn82IBBhuGeZW7ehOVixf07I4IFZbrvbbHV8cX3F3hmOvNy5gg==", "task"=>{"title"=>"task1", "text"=>"sth", "tag_list"=>"work, recreation"}, "commit"=>"Create Task"}
  [1m[36mTag Load (0.7ms)[0m  [1m[34mSELECT  "tags".* FROM "tags" WHERE "tags"."name" = ? ORDER BY "tags"."id" ASC LIMIT ?[0m  [["name", "work"], ["LIMIT", 1]]
  ↳ app/models/task.rb:8
  [1m[35m (0.1ms)[0m  [1m[36mbegin transaction[0m
  ↳ app/models/task.rb:8
  [1m[36mTag Create (3.0ms)[0m  [1m[32mINSERT INTO "tags" ("name", "created_at", "updated_at") VALUES (?, ?, ?)[0m  [["name", "work"], ["created_at", "2019-01-09 16:40:01.075902"], ["updated_at", "2019-01-09 16:40:01.075902"]]
  ↳ app/models/task.rb:8
  [1m[35m (17.4ms)[0m  [1m[36mcommit transaction[0m
  ↳ app/models/task.rb:8
  [1m[36mTag Load (0.5ms)[0m  [1m[34mSELECT  "tags".* FROM "tags" WHERE "tags"."name" = ? ORDER BY "tags"."id" ASC LIMIT ?[0m  [["name", "recreation"], ["LIMIT", 1]]
  ↳ app/models/task.rb:8
  [1m[35m (0.2ms)[0m  [1m[36mbegin transaction[0m
  ↳ app/models/task.rb:8
  [1m[36mTag Create (3.6ms)[0m  [1m[32mINSERT INTO "tags" ("name", "created_at", "updated_at") VALUES (?, ?, ?)[0m  [["name", "recreation"], ["created_at", "2019-01-09 16:40:01.149386"], ["updated_at", "2019-01-09 16:40:01.149386"]]
  ↳ app/models/task.rb:8
  [1m[35m (11.7ms)[0m  [1m[36mcommit transaction[0m
  ↳ app/models/task.rb:8
Completed 500 Internal Server Error in 193ms (ActiveRecord: 41.3ms)


  
ActiveModel::UnknownAttributeError (unknown attribute 'task_id' for Tagging.):
  
app/models/task.rb:7:in `tag_list='
app/controllers/tasks_controller.rb:19:in `create'
Started GET "/tasks/new" for 127.0.0.1 at 2019-01-10 00:43:17 +0800
Processing by TasksController#new as HTML
  Rendering tasks/new.html.erb within layouts/application
  Rendered tasks/_form.html.erb (9.3ms)
  Rendered tasks/new.html.erb within layouts/application (15.1ms)
Completed 200 OK in 258ms (Views: 251.2ms | ActiveRecord: 0.0ms)


Started GET "/tasks/new" for 127.0.0.1 at 2019-01-10 00:44:01 +0800
Processing by TasksController#new as HTML
  Rendering tasks/new.html.erb within layouts/application
  Rendered tasks/_form.html.erb (7.5ms)
  Rendered tasks/new.html.erb within layouts/application (13.5ms)
Completed 200 OK in 154ms (Views: 150.0ms | ActiveRecord: 0.0ms)


Started GET "/tasks" for 127.0.0.1 at 2019-01-10 00:44:03 +0800
Processing by TasksController#index as HTML
  Rendering tasks/index.html.erb within layouts/application
  [1m[36mTask Load (0.8ms)[0m  [1m[34mSELECT "tasks".* FROM "tasks"[0m
  ↳ app/views/tasks/index.html.erb:11
  Rendered tasks/index.html.erb within layouts/application (23.1ms)
Completed 200 OK in 94ms (Views: 87.6ms | ActiveRecord: 0.8ms)


Started GET "/tasks/new" for 127.0.0.1 at 2019-01-10 00:44:06 +0800
Processing by TasksController#new as HTML
  Rendering tasks/new.html.erb within layouts/application
  Rendered tasks/_form.html.erb (10.7ms)
  Rendered tasks/new.html.erb within layouts/application (18.2ms)
Completed 200 OK in 98ms (Views: 92.3ms | ActiveRecord: 0.0ms)


Started GET "/tasks" for 127.0.0.1 at 2019-01-10 00:44:26 +0800
Processing by TasksController#index as HTML
  Rendering tasks/index.html.erb within layouts/application
  [1m[36mTask Load (1.0ms)[0m  [1m[34mSELECT "tasks".* FROM "tasks"[0m
  ↳ app/views/tasks/index.html.erb:11
  Rendered tasks/index.html.erb within layouts/application (17.8ms)
Completed 200 OK in 81ms (Views: 73.1ms | ActiveRecord: 1.0ms)


Started GET "/welcome/index" for 127.0.0.1 at 2019-01-10 00:44:28 +0800
Processing by WelcomeController#index as HTML
  Rendering welcome/index.html.erb within layouts/application
  Rendered welcome/index.html.erb within layouts/application (1.2ms)
Completed 200 OK in 49ms (Views: 46.7ms | ActiveRecord: 0.0ms)


Started GET "/tasks" for 127.0.0.1 at 2019-01-10 00:44:29 +0800
Processing by TasksController#index as HTML
  Rendering tasks/index.html.erb within layouts/application
  [1m[36mTask Load (1.9ms)[0m  [1m[34mSELECT "tasks".* FROM "tasks"[0m
  ↳ app/views/tasks/index.html.erb:11
  Rendered tasks/index.html.erb within layouts/application (24.1ms)
Completed 200 OK in 108ms (Views: 100.5ms | ActiveRecord: 1.9ms)


Started GET "/tasks" for 127.0.0.1 at 2019-01-10 00:44:55 +0800
Processing by TasksController#index as HTML
  Rendering tasks/index.html.erb within layouts/application
  [1m[36mTask Load (0.7ms)[0m  [1m[34mSELECT "tasks".* FROM "tasks"[0m
  ↳ app/views/tasks/index.html.erb:11
  Rendered tasks/index.html.erb within layouts/application (12.6ms)
Completed 200 OK in 231ms (Views: 226.3ms | ActiveRecord: 0.7ms)


Started GET "/welcome/index" for 127.0.0.1 at 2019-01-10 00:44:57 +0800
Processing by WelcomeController#index as HTML
  Rendering welcome/index.html.erb within layouts/application
  Rendered welcome/index.html.erb within layouts/application (2.9ms)
Completed 200 OK in 73ms (Views: 68.9ms | ActiveRecord: 0.0ms)


Started GET "/tasks" for 127.0.0.1 at 2019-01-10 00:44:59 +0800
Processing by TasksController#index as HTML
  Rendering tasks/index.html.erb within layouts/application
  [1m[36mTask Load (0.9ms)[0m  [1m[34mSELECT "tasks".* FROM "tasks"[0m
  ↳ app/views/tasks/index.html.erb:11
  Rendered tasks/index.html.erb within layouts/application (17.0ms)
Completed 200 OK in 78ms (Views: 71.1ms | ActiveRecord: 0.9ms)


Started GET "/tasks/new" for 127.0.0.1 at 2019-01-10 00:45:00 +0800
Processing by TasksController#new as HTML
  Rendering tasks/new.html.erb within layouts/application
  Rendered tasks/_form.html.erb (3.5ms)
  Rendered tasks/new.html.erb within layouts/application (6.4ms)
Completed 200 OK in 57ms (Views: 54.0ms | ActiveRecord: 0.0ms)


Started POST "/tasks" for 127.0.0.1 at 2019-01-10 00:45:34 +0800
Processing by TasksController#create as HTML
  Parameters: {"utf8"=>"✓", "authenticity_token"=>"RQ9J040xIn3B15ALCyLYDEDJIHTcKStomA6XZ+DB7Hc81d4KEXa2AvhlK4CqVj73sEzC77ROG9o3NICjIyt15Q==", "task"=>{"title"=>"", "text"=>"", "tag_list"=>""}, "commit"=>"Create Task"}
  [1m[35m (0.2ms)[0m  [1m[36mbegin transaction[0m
  ↳ app/controllers/tasks_controller.rb:21
  [1m[35m (0.2ms)[0m  [1m[31mrollback transaction[0m
  ↳ app/controllers/tasks_controller.rb:21
  Rendering tasks/new.html.erb within layouts/application
  Rendered tasks/_form.html.erb (9.5ms)
  Rendered tasks/new.html.erb within layouts/application (15.0ms)
Completed 200 OK in 105ms (Views: 79.1ms | ActiveRecord: 0.4ms)


Started POST "/tasks" for 127.0.0.1 at 2019-01-10 00:45:41 +0800
Processing by TasksController#create as HTML
  Parameters: {"utf8"=>"✓", "authenticity_token"=>"OuQamY9TpgcAC7evRb2+Ha0sNVYdOdz9jpkhtkiselE2DLuf2tNQBTn3by9VVPC+DfYn20tytFkKz+YAGmdv2Q==", "task"=>{"title"=>"task1", "text"=>"ad", "tag_list"=>"work, recreation"}, "commit"=>"Create Task"}
  [1m[36mTag Load (0.8ms)[0m  [1m[34mSELECT  "tags".* FROM "tags" WHERE "tags"."name" = ? ORDER BY "tags"."id" ASC LIMIT ?[0m  [["name", "work"], ["LIMIT", 1]]
  ↳ app/models/task.rb:8
  [1m[36mTag Load (0.4ms)[0m  [1m[34mSELECT  "tags".* FROM "tags" WHERE "tags"."name" = ? ORDER BY "tags"."id" ASC LIMIT ?[0m  [["name", "recreation"], ["LIMIT", 1]]
  ↳ app/models/task.rb:8
Completed 500 Internal Server Error in 62ms (ActiveRecord: 1.2ms)


  
ActiveModel::UnknownAttributeError (unknown attribute 'task_id' for Tagging.):
  
app/models/task.rb:7:in `tag_list='
app/controllers/tasks_controller.rb:19:in `create'
Started POST "/tasks" for 127.0.0.1 at 2019-01-10 00:53:19 +0800
  [1m[35m (0.3ms)[0m  [1m[34mSELECT "schema_migrations"."version" FROM "schema_migrations" ORDER BY "schema_migrations"."version" ASC[0m
  ↳ /home/mandy/.rvm/gems/ruby-2.5.1/gems/activerecord-5.2.2/lib/active_record/log_subscriber.rb:98
  
ActiveRecord::PendingMigrationError (

Migrations are pending. To resolve this issue, run:

        bin/rails db:migrate RAILS_ENV=development

):
  
activerecord (5.2.2) lib/active_record/migration.rb:579:in `check_pending!'
activerecord (5.2.2) lib/active_record/migration.rb:556:in `call'
actionpack (5.2.2) lib/action_dispatch/middleware/callbacks.rb:28:in `block in call'
activesupport (5.2.2) lib/active_support/callbacks.rb:98:in `run_callbacks'
actionpack (5.2.2) lib/action_dispatch/middleware/callbacks.rb:26:in `call'
actionpack (5.2.2) lib/action_dispatch/middleware/executor.rb:14:in `call'
actionpack (5.2.2) lib/action_dispatch/middleware/debug_exceptions.rb:61:in `call'
web-console (3.7.0) lib/web_console/middleware.rb:135:in `call_app'
web-console (3.7.0) lib/web_console/middleware.rb:30:in `block in call'
web-console (3.7.0) lib/web_console/middleware.rb:20:in `catch'
web-console (3.7.0) lib/web_console/middleware.rb:20:in `call'
actionpack (5.2.2) lib/action_dispatch/middleware/show_exceptions.rb:33:in `call'
railties (5.2.2) lib/rails/rack/logger.rb:38:in `call_app'
railties (5.2.2) lib/rails/rack/logger.rb:26:in `block in call'
activesupport (5.2.2) lib/active_support/tagged_logging.rb:71:in `block in tagged'
activesupport (5.2.2) lib/active_support/tagged_logging.rb:28:in `tagged'
activesupport (5.2.2) lib/active_support/tagged_logging.rb:71:in `tagged'
railties (5.2.2) lib/rails/rack/logger.rb:26:in `call'
sprockets-rails (3.2.1) lib/sprockets/rails/quiet_assets.rb:13:in `call'
actionpack (5.2.2) lib/action_dispatch/middleware/remote_ip.rb:81:in `call'
actionpack (5.2.2) lib/action_dispatch/middleware/request_id.rb:27:in `call'
rack (2.0.6) lib/rack/method_override.rb:22:in `call'
rack (2.0.6) lib/rack/runtime.rb:22:in `call'
activesupport (5.2.2) lib/active_support/cache/strategy/local_cache_middleware.rb:29:in `call'
actionpack (5.2.2) lib/action_dispatch/middleware/executor.rb:14:in `call'
actionpack (5.2.2) lib/action_dispatch/middleware/static.rb:127:in `call'
rack (2.0.6) lib/rack/sendfile.rb:111:in `call'
railties (5.2.2) lib/rails/engine.rb:524:in `call'
puma (3.12.0) lib/puma/configuration.rb:225:in `call'
puma (3.12.0) lib/puma/server.rb:658:in `handle_request'
puma (3.12.0) lib/puma/server.rb:472:in `process_client'
puma (3.12.0) lib/puma/server.rb:332:in `block in run'
puma (3.12.0) lib/puma/thread_pool.rb:133:in `block in spawn_thread'
  [1m[35m (0.3ms)[0m  [1m[34mSELECT "schema_migrations"."version" FROM "schema_migrations" ORDER BY "schema_migrations"."version" ASC[0m
  ↳ bin/rails:9
Migrating to CreateTaggings (20190109165311)
  [1m[35m (0.1ms)[0m  [1m[36mbegin transaction[0m
  ↳ bin/rails:9
  [1m[35m (0.1ms)[0m  [1m[34mSELECT sqlite_version(*)[0m
  ↳ db/migrate/20190109165311_create_taggings.rb:3
  [1m[35m (0.5ms)[0m  [1m[35mCREATE TABLE "taggings" ("id" integer PRIMARY KEY AUTOINCREMENT NOT NULL, "task_id" integer, "tag_id" integer, "created_at" datetime NOT NULL, "updated_at" datetime NOT NULL, CONSTRAINT "fk_rails_efdf7e8246"
FOREIGN KEY ("task_id")
  REFERENCES "tasks" ("id")
, CONSTRAINT "fk_rails_9fcd2e236b"
FOREIGN KEY ("tag_id")
  REFERENCES "tags" ("id")
)[0m
  ↳ db/migrate/20190109165311_create_taggings.rb:3
  [1m[35m (0.1ms)[0m  [1m[31mrollback transaction[0m
  ↳ bin/rails:9
  [1m[35m (0.3ms)[0m  [1m[34mSELECT "schema_migrations"."version" FROM "schema_migrations" ORDER BY "schema_migrations"."version" ASC[0m
  ↳ bin/rails:9
Migrating to CreateTaggings (20190109165311)
  [1m[35m (0.1ms)[0m  [1m[36mbegin transaction[0m
  ↳ bin/rails:9
  [1m[35m (1.3ms)[0m  [1m[35mDROP TABLE "taggings"[0m
  ↳ db/migrate/20190109165311_create_taggings.rb:3
  [1m[35m (0.1ms)[0m  [1m[34mSELECT sqlite_version(*)[0m
  ↳ db/migrate/20190109165311_create_taggings.rb:4
  [1m[35m (0.1ms)[0m  [1m[35mCREATE TABLE "taggings" ("id" integer PRIMARY KEY AUTOINCREMENT NOT NULL, "task_id" integer, "tag_id" integer, "created_at" datetime NOT NULL, "updated_at" datetime NOT NULL, CONSTRAINT "fk_rails_efdf7e8246"
FOREIGN KEY ("task_id")
  REFERENCES "tasks" ("id")
, CONSTRAINT "fk_rails_9fcd2e236b"
FOREIGN KEY ("tag_id")
  REFERENCES "tags" ("id")
)[0m
  ↳ db/migrate/20190109165311_create_taggings.rb:4
  [1m[35m (0.1ms)[0m  [1m[35mCREATE  INDEX "index_taggings_on_task_id" ON "taggings" ("task_id")[0m
  ↳ db/migrate/20190109165311_create_taggings.rb:4
  [1m[35m (0.1ms)[0m  [1m[35mCREATE  INDEX "index_taggings_on_tag_id" ON "taggings" ("tag_id")[0m
  ↳ db/migrate/20190109165311_create_taggings.rb:4
  [1m[36mActiveRecord::SchemaMigration Create (0.3ms)[0m  [1m[32mINSERT INTO "schema_migrations" ("version") VALUES (?)[0m  [["version", "20190109165311"]]
  ↳ bin/rails:9
  [1m[35m (6.3ms)[0m  [1m[36mcommit transaction[0m
  ↳ bin/rails:9
  [1m[36mActiveRecord::InternalMetadata Load (0.4ms)[0m  [1m[34mSELECT  "ar_internal_metadata".* FROM "ar_internal_metadata" WHERE "ar_internal_metadata"."key" = ? LIMIT ?[0m  [["key", "environment"], ["LIMIT", 1]]
  ↳ bin/rails:9
  [1m[35m (0.1ms)[0m  [1m[36mbegin transaction[0m
  ↳ bin/rails:9
  [1m[35m (0.1ms)[0m  [1m[36mcommit transaction[0m
  ↳ bin/rails:9
  [1m[35m (0.5ms)[0m  [1m[34mSELECT "schema_migrations"."version" FROM "schema_migrations" ORDER BY "schema_migrations"."version" ASC[0m
  ↳ bin/rails:9
  [1m[35m (0.3ms)[0m  [1m[34mSELECT "schema_migrations"."version" FROM "schema_migrations" ORDER BY "schema_migrations"."version" ASC[0m
  ↳ bin/rails:9
  [1m[36mActiveRecord::InternalMetadata Load (0.4ms)[0m  [1m[34mSELECT  "ar_internal_metadata".* FROM "ar_internal_metadata" WHERE "ar_internal_metadata"."key" = ? LIMIT ?[0m  [["key", "environment"], ["LIMIT", 1]]
  ↳ bin/rails:9
  [1m[35m (0.1ms)[0m  [1m[36mbegin transaction[0m
  ↳ bin/rails:9
  [1m[35m (0.1ms)[0m  [1m[36mcommit transaction[0m
  ↳ bin/rails:9
  [1m[35m (0.2ms)[0m  [1m[34mSELECT "schema_migrations"."version" FROM "schema_migrations" ORDER BY "schema_migrations"."version" ASC[0m
  ↳ bin/rails:9
Started GET "/tasks" for 127.0.0.1 at 2019-01-10 00:55:38 +0800
  [1m[35m (0.2ms)[0m  [1m[34mSELECT "schema_migrations"."version" FROM "schema_migrations" ORDER BY "schema_migrations"."version" ASC[0m
  ↳ /home/mandy/.rvm/gems/ruby-2.5.1/gems/activerecord-5.2.2/lib/active_record/log_subscriber.rb:98
Processing by TasksController#index as HTML
  Rendering tasks/index.html.erb within layouts/application
  [1m[36mTask Load (0.6ms)[0m  [1m[34mSELECT "tasks".* FROM "tasks"[0m
  ↳ app/views/tasks/index.html.erb:11
  Rendered tasks/index.html.erb within layouts/application (16.5ms)
Completed 200 OK in 517ms (Views: 494.9ms | ActiveRecord: 1.7ms)


Started GET "/tasks/new" for 127.0.0.1 at 2019-01-10 00:55:41 +0800
Processing by TasksController#new as HTML
  Rendering tasks/new.html.erb within layouts/application
  Rendered tasks/_form.html.erb (56.8ms)
  Rendered tasks/new.html.erb within layouts/application (61.6ms)
Completed 200 OK in 138ms (Views: 102.6ms | ActiveRecord: 3.3ms)


Started POST "/tasks" for 127.0.0.1 at 2019-01-10 00:55:46 +0800
Processing by TasksController#create as HTML
  Parameters: {"utf8"=>"✓", "authenticity_token"=>"egJqqS0sH45uBpUYv6cGaA9+pPBdo8CpyqvitWVZHoMD2P1wsWuL8Ve0LpMe0+CT//tGazXE8BtlkfVxprOHEQ==", "task"=>{"title"=>"task1", "text"=>"sdf", "tag_list"=>"work, recreation"}, "commit"=>"Create Task"}
  [1m[36mTag Load (0.8ms)[0m  [1m[34mSELECT  "tags".* FROM "tags" WHERE "tags"."name" = ? ORDER BY "tags"."id" ASC LIMIT ?[0m  [["name", "work"], ["LIMIT", 1]]
  ↳ app/models/task.rb:8
  [1m[36mTag Load (0.4ms)[0m  [1m[34mSELECT  "tags".* FROM "tags" WHERE "tags"."name" = ? ORDER BY "tags"."id" ASC LIMIT ?[0m  [["name", "recreation"], ["LIMIT", 1]]
  ↳ app/models/task.rb:8
  [1m[35m (0.1ms)[0m  [1m[36mbegin transaction[0m
  ↳ app/controllers/tasks_controller.rb:21
  [1m[36mTask Create (1.9ms)[0m  [1m[32mINSERT INTO "tasks" ("title", "text", "created_at", "updated_at") VALUES (?, ?, ?, ?)[0m  [["title", "task1"], ["text", "sdf"], ["created_at", "2019-01-09 16:55:46.630280"], ["updated_at", "2019-01-09 16:55:46.630280"]]
  ↳ app/controllers/tasks_controller.rb:21
  [1m[36mTagging Create (0.7ms)[0m  [1m[32mINSERT INTO "taggings" ("task_id", "tag_id", "created_at", "updated_at") VALUES (?, ?, ?, ?)[0m  [["task_id", 1], ["tag_id", 1], ["created_at", "2019-01-09 16:55:46.636449"], ["updated_at", "2019-01-09 16:55:46.636449"]]
  ↳ app/controllers/tasks_controller.rb:21
  [1m[36mTagging Create (0.2ms)[0m  [1m[32mINSERT INTO "taggings" ("task_id", "tag_id", "created_at", "updated_at") VALUES (?, ?, ?, ?)[0m  [["task_id", 1], ["tag_id", 2], ["created_at", "2019-01-09 16:55:46.649968"], ["updated_at", "2019-01-09 16:55:46.649968"]]
  ↳ app/controllers/tasks_controller.rb:21
  [1m[35m (7.9ms)[0m  [1m[36mcommit transaction[0m
  ↳ app/controllers/tasks_controller.rb:21
Redirected to http://localhost:3000/tasks/1
Completed 302 Found in 131ms (ActiveRecord: 15.9ms)


Started GET "/tasks/1" for 127.0.0.1 at 2019-01-10 00:55:46 +0800
Processing by TasksController#show as HTML
  Parameters: {"id"=>"1"}
  [1m[36mTask Load (0.7ms)[0m  [1m[34mSELECT  "tasks".* FROM "tasks" WHERE "tasks"."id" = ? LIMIT ?[0m  [["id", 1], ["LIMIT", 1]]
  ↳ app/controllers/tasks_controller.rb:7
  Rendering tasks/show.html.erb within layouts/application
  [1m[36mTag Load (0.7ms)[0m  [1m[34mSELECT "tags".* FROM "tags" INNER JOIN "taggings" ON "tags"."id" = "taggings"."tag_id" WHERE "taggings"."task_id" = ?[0m  [["task_id", 1]]
  ↳ app/models/task.rb:13
  Rendered tasks/show.html.erb within layouts/application (65.5ms)
Completed 500 Internal Server Error in 96ms (ActiveRecord: 1.4ms)


  
ActionView::Template::Error (undefined method `each' for "work, recreation":String):
    10: 
    11: <p>
    12: 	<strong>Tags:</strong>
    13: 	<%= @task.tag_list.each do |tag| %>
    14:         <%= link_to tag, tagged_path(tag: tag) %>
    15:       <% end %></td>
    16:  
  
app/views/tasks/show.html.erb:13:in `_app_views_tasks_show_html_erb__773925380459864893_70344996097020'
Started GET "/tasks/1" for 127.0.0.1 at 2019-01-10 00:59:44 +0800
  [1m[35m (0.3ms)[0m  [1m[34mSELECT "schema_migrations"."version" FROM "schema_migrations" ORDER BY "schema_migrations"."version" ASC[0m
  ↳ /home/mandy/.rvm/gems/ruby-2.5.1/gems/activerecord-5.2.2/lib/active_record/log_subscriber.rb:98
Processing by TasksController#show as HTML
  Parameters: {"id"=>"1"}
  [1m[36mTask Load (0.4ms)[0m  [1m[34mSELECT  "tasks".* FROM "tasks" WHERE "tasks"."id" = ? LIMIT ?[0m  [["id", 1], ["LIMIT", 1]]
  ↳ app/controllers/tasks_controller.rb:7
  Rendering tasks/show.html.erb within layouts/application
  [1m[36mTag Load (0.4ms)[0m  [1m[34mSELECT "tags".* FROM "tags" INNER JOIN "taggings" ON "tags"."id" = "taggings"."tag_id" WHERE "taggings"."task_id" = ?[0m  [["task_id", 1]]
  ↳ app/views/tasks/show.html.erb:13
  Rendered tasks/show.html.erb within layouts/application (37.6ms)
Completed 200 OK in 108ms (Views: 79.4ms | ActiveRecord: 4.5ms)


Started GET "/tasks/1" for 127.0.0.1 at 2019-01-10 01:00:40 +0800
Processing by TasksController#show as HTML
  Parameters: {"id"=>"1"}
  [1m[36mTask Load (0.5ms)[0m  [1m[34mSELECT  "tasks".* FROM "tasks" WHERE "tasks"."id" = ? LIMIT ?[0m  [["id", 1], ["LIMIT", 1]]
  ↳ app/controllers/tasks_controller.rb:7
  Rendering tasks/show.html.erb within layouts/application
  Rendered tasks/show.html.erb within layouts/application (346.7ms)
Completed 500 Internal Server Error in 375ms (ActiveRecord: 0.5ms)


  
ActionView::Template::Error (undefined local variable or method `task' for #<#<Class:0x00007ff4e4664190>:0x00007ff4e4338728>
Did you mean?  @task):
    10: 
    11: <p>
    12: 	<strong>Tags:</strong>
    13: 	<%= raw task.tag_list %>
    14: </p>
    15:  
    16: <%= link_to 'Edit', edit_task_path(@task) %> |
  
app/views/tasks/show.html.erb:13:in `_app_views_tasks_show_html_erb__773925380459864893_70344888666140'
Started GET "/tasks/1" for 127.0.0.1 at 2019-01-10 01:00:48 +0800
Processing by TasksController#show as HTML
  Parameters: {"id"=>"1"}
  [1m[36mTask Load (0.2ms)[0m  [1m[34mSELECT  "tasks".* FROM "tasks" WHERE "tasks"."id" = ? LIMIT ?[0m  [["id", 1], ["LIMIT", 1]]
  ↳ app/controllers/tasks_controller.rb:7
  Rendering tasks/show.html.erb within layouts/application
  Rendered tasks/show.html.erb within layouts/application (315.3ms)
Completed 500 Internal Server Error in 325ms (ActiveRecord: 0.2ms)


  
ActionView::Template::Error (undefined local variable or method `task' for #<#<Class:0x00007ff4e4664190>:0x00007ff4ec290ae8>
Did you mean?  @task):
    10: 
    11: <p>
    12: 	<strong>Tags:</strong>
    13: 	<%= raw task.tags %>
    14: </p>
    15:  
    16: <%= link_to 'Edit', edit_task_path(@task) %> |
  
app/views/tasks/show.html.erb:13:in `_app_views_tasks_show_html_erb__773925380459864893_70344955431420'
Started GET "/tasks/1" for 127.0.0.1 at 2019-01-10 01:00:50 +0800
Processing by TasksController#show as HTML
  Parameters: {"id"=>"1"}
  [1m[36mTask Load (0.2ms)[0m  [1m[34mSELECT  "tasks".* FROM "tasks" WHERE "tasks"."id" = ? LIMIT ?[0m  [["id", 1], ["LIMIT", 1]]
  ↳ app/controllers/tasks_controller.rb:7
  Rendering tasks/show.html.erb within layouts/application
  Rendered tasks/show.html.erb within layouts/application (294.8ms)
Completed 500 Internal Server Error in 308ms (ActiveRecord: 0.2ms)


  
ActionView::Template::Error (undefined local variable or method `task' for #<#<Class:0x00007ff4e4664190>:0x00007ff4e4571a08>
Did you mean?  @task):
    10: 
    11: <p>
    12: 	<strong>Tags:</strong>
    13: 	<%= raw task.tags %>
    14: </p>
    15:  
    16: <%= link_to 'Edit', edit_task_path(@task) %> |
  
app/views/tasks/show.html.erb:13:in `_app_views_tasks_show_html_erb__773925380459864893_70344889831980'
Started GET "/tasks/1" for 127.0.0.1 at 2019-01-10 01:01:02 +0800
Processing by TasksController#show as HTML
  Parameters: {"id"=>"1"}
  [1m[36mTask Load (0.4ms)[0m  [1m[34mSELECT  "tasks".* FROM "tasks" WHERE "tasks"."id" = ? LIMIT ?[0m  [["id", 1], ["LIMIT", 1]]
  ↳ app/controllers/tasks_controller.rb:7
  Rendering tasks/show.html.erb within layouts/application
  [1m[36mTag Load (0.6ms)[0m  [1m[34mSELECT "tags".* FROM "tags" INNER JOIN "taggings" ON "tags"."id" = "taggings"."tag_id" WHERE "taggings"."task_id" = ?[0m  [["task_id", 1]]
  ↳ app/models/task.rb:13
  Rendered tasks/show.html.erb within layouts/application (16.1ms)
Completed 200 OK in 118ms (Views: 96.3ms | ActiveRecord: 1.0ms)


Started GET "/tasks/1" for 127.0.0.1 at 2019-01-10 01:04:08 +0800
  [1m[35m (0.2ms)[0m  [1m[34mSELECT "schema_migrations"."version" FROM "schema_migrations" ORDER BY "schema_migrations"."version" ASC[0m
  ↳ /home/mandy/.rvm/gems/ruby-2.5.1/gems/activerecord-5.2.2/lib/active_record/log_subscriber.rb:98
Processing by TasksController#show as HTML
  Parameters: {"id"=>"1"}
  [1m[36mTask Load (0.4ms)[0m  [1m[34mSELECT  "tasks".* FROM "tasks" WHERE "tasks"."id" = ? LIMIT ?[0m  [["id", 1], ["LIMIT", 1]]
  ↳ app/controllers/tasks_controller.rb:7
  Rendering tasks/show.html.erb within layouts/application
  [1m[36mTag Load (0.4ms)[0m  [1m[34mSELECT "tags".* FROM "tags" INNER JOIN "taggings" ON "tags"."id" = "taggings"."tag_id" WHERE "taggings"."task_id" = ?[0m  [["task_id", 1]]
  ↳ app/models/task.rb:13
  Rendered tasks/show.html.erb within layouts/application (44.6ms)
Completed 200 OK in 499ms (Views: 463.4ms | ActiveRecord: 3.4ms)


Started GET "/tasks" for 127.0.0.1 at 2019-01-10 01:04:11 +0800
Processing by TasksController#index as HTML
  Rendering tasks/index.html.erb within layouts/application
  [1m[36mTask Load (1.2ms)[0m  [1m[34mSELECT "tasks".* FROM "tasks"[0m
  ↳ app/views/tasks/index.html.erb:11
  [1m[36mTag Load (0.5ms)[0m  [1m[34mSELECT "tags".* FROM "tags" INNER JOIN "taggings" ON "tags"."id" = "taggings"."tag_id" WHERE "taggings"."task_id" = ?[0m  [["task_id", 1]]
  ↳ app/models/task.rb:13
  Rendered tasks/index.html.erb within layouts/application (48.2ms)
Completed 500 Internal Server Error in 65ms (ActiveRecord: 1.7ms)


  
ActionView::Template::Error (undefined method `each' for "work, recreation":String):
    17:       <td><%= link_to 'Delete', task_path(task),
    18:               method: :delete,
    19:               data: { confirm: 'Are you sure?' } %></td>
    20:       <td><%= task.tag_list.each do |tag| %>
    21:         <%= link_to tag, tagged_path(tag: tag) %>
    22:       <% end %></td>
    23:     </tr>
  
app/views/tasks/index.html.erb:20:in `block in _app_views_tasks_index_html_erb___365879477930226457_69943810867340'
app/views/tasks/index.html.erb:11:in `_app_views_tasks_index_html_erb___365879477930226457_69943810867340'
Started GET "/tasks" for 127.0.0.1 at 2019-01-10 01:05:30 +0800
  [1m[35m (0.3ms)[0m  [1m[34mSELECT "schema_migrations"."version" FROM "schema_migrations" ORDER BY "schema_migrations"."version" ASC[0m
  ↳ /home/mandy/.rvm/gems/ruby-2.5.1/gems/activerecord-5.2.2/lib/active_record/log_subscriber.rb:98
Processing by TasksController#index as HTML
  Rendering tasks/index.html.erb within layouts/application
  [1m[36mTask Load (0.3ms)[0m  [1m[34mSELECT "tasks".* FROM "tasks"[0m
  ↳ app/views/tasks/index.html.erb:11
  [1m[36mTag Load (0.6ms)[0m  [1m[34mSELECT "tags".* FROM "tags" INNER JOIN "taggings" ON "tags"."id" = "taggings"."tag_id" WHERE "taggings"."task_id" = ?[0m  [["task_id", 1]]
  ↳ app/models/task.rb:13
  Rendered tasks/index.html.erb within layouts/application (76.9ms)
Completed 500 Internal Server Error in 104ms (ActiveRecord: 5.0ms)


  
ActionView::Template::Error (undefined method `each' for "work, recreation":String):
    17:       <td><%= link_to 'Delete', task_path(task),
    18:               method: :delete,
    19:               data: { confirm: 'Are you sure?' } %></td>
    20:       <td><%= task.tag_list.each do |tag| %>
    21:         <%= link_to tag, tagged_path(tag: tag) %>
    22:       <% end %></td>
    23:     </tr>
  
app/views/tasks/index.html.erb:20:in `block in _app_views_tasks_index_html_erb___1707995918890873771_70045984205280'
app/views/tasks/index.html.erb:11:in `_app_views_tasks_index_html_erb___1707995918890873771_70045984205280'
Started GET "/tasks" for 127.0.0.1 at 2019-01-10 01:05:56 +0800
Processing by TasksController#index as HTML
  Rendering tasks/index.html.erb within layouts/application
  [1m[36mTask Load (0.6ms)[0m  [1m[34mSELECT "tasks".* FROM "tasks"[0m
  ↳ app/views/tasks/index.html.erb:11
  [1m[36mTag Load (0.4ms)[0m  [1m[34mSELECT "tags".* FROM "tags" INNER JOIN "taggings" ON "tags"."id" = "taggings"."tag_id" WHERE "taggings"."task_id" = ?[0m  [["task_id", 1]]
  ↳ app/models/task.rb:13
  Rendered tasks/index.html.erb within layouts/application (39.0ms)
Completed 500 Internal Server Error in 53ms (ActiveRecord: 1.0ms)


  
ActionView::Template::Error (undefined method `each' for "work, recreation":String):
    17:       <td><%= link_to 'Delete', task_path(task),
    18:               method: :delete,
    19:               data: { confirm: 'Are you sure?' } %></td>
    20:       <td><%= task.tag_list.each do |tag| %>
    21:         <%= link_to tag, tagged_path(tag: tag) %>
    22:       <% end %></td>
    23:     </tr>
  
app/views/tasks/index.html.erb:20:in `block in _app_views_tasks_index_html_erb___1707995918890873771_70045849916920'
app/views/tasks/index.html.erb:11:in `_app_views_tasks_index_html_erb___1707995918890873771_70045849916920'
Started GET "/tasks" for 127.0.0.1 at 2019-01-10 01:06:51 +0800
Processing by TasksController#index as HTML
  Rendering tasks/index.html.erb within layouts/application
  [1m[36mTask Load (0.6ms)[0m  [1m[34mSELECT "tasks".* FROM "tasks"[0m
  ↳ app/views/tasks/index.html.erb:11
  [1m[36mTag Load (0.6ms)[0m  [1m[34mSELECT "tags".* FROM "tags" INNER JOIN "taggings" ON "tags"."id" = "taggings"."tag_id" WHERE "taggings"."task_id" = ?[0m  [["task_id", 1]]
  ↳ app/models/task.rb:13
  Rendered tasks/index.html.erb within layouts/application (38.2ms)
Completed 500 Internal Server Error in 54ms (ActiveRecord: 1.1ms)


  
ActionView::Template::Error (undefined method `each' for "work, recreation":String):
    17:       <td><%= link_to 'Delete', task_path(task),
    18:               method: :delete,
    19:               data: { confirm: 'Are you sure?' } %></td>
    20:       <td><%= task.tag_list.each do |tag| %>
    21:         <%= link_to tag, tagged_path(tag: tag) %>
    22:       <% end %></td>
    23:     </tr>
  
app/views/tasks/index.html.erb:20:in `block in _app_views_tasks_index_html_erb___1707995918890873771_70368581281940'
app/views/tasks/index.html.erb:11:in `_app_views_tasks_index_html_erb___1707995918890873771_70368581281940'
  [1m[35m (0.3ms)[0m  [1m[34mSELECT "schema_migrations"."version" FROM "schema_migrations" ORDER BY "schema_migrations"."version" ASC[0m
  ↳ bin/rails:9
  [1m[36mActiveRecord::InternalMetadata Load (0.4ms)[0m  [1m[34mSELECT  "ar_internal_metadata".* FROM "ar_internal_metadata" WHERE "ar_internal_metadata"."key" = ? LIMIT ?[0m  [["key", "environment"], ["LIMIT", 1]]
  ↳ bin/rails:9
  [1m[35m (0.1ms)[0m  [1m[36mbegin transaction[0m
  ↳ bin/rails:9
  [1m[35m (0.1ms)[0m  [1m[36mcommit transaction[0m
  ↳ bin/rails:9
  [1m[35m (0.2ms)[0m  [1m[34mSELECT "schema_migrations"."version" FROM "schema_migrations" ORDER BY "schema_migrations"."version" ASC[0m
  ↳ bin/rails:9
Started GET "/tasks" for 127.0.0.1 at 2019-01-10 01:07:11 +0800
  [1m[35m (0.2ms)[0m  [1m[34mSELECT "schema_migrations"."version" FROM "schema_migrations" ORDER BY "schema_migrations"."version" ASC[0m
  ↳ /home/mandy/.rvm/gems/ruby-2.5.1/gems/activerecord-5.2.2/lib/active_record/log_subscriber.rb:98
Processing by TasksController#index as HTML
  Rendering tasks/index.html.erb within layouts/application
  [1m[36mTask Load (0.3ms)[0m  [1m[34mSELECT "tasks".* FROM "tasks"[0m
  ↳ app/views/tasks/index.html.erb:11
  [1m[36mTag Load (0.6ms)[0m  [1m[34mSELECT "tags".* FROM "tags" INNER JOIN "taggings" ON "tags"."id" = "taggings"."tag_id" WHERE "taggings"."task_id" = ?[0m  [["task_id", 1]]
  ↳ app/models/task.rb:13
  Rendered tasks/index.html.erb within layouts/application (78.8ms)
Completed 500 Internal Server Error in 104ms (ActiveRecord: 3.6ms)


  
ActionView::Template::Error (undefined method `each' for "work, recreation":String):
    17:       <td><%= link_to 'Delete', task_path(task),
    18:               method: :delete,
    19:               data: { confirm: 'Are you sure?' } %></td>
    20:       <td><%= task.tag_list.each do |tag| %>
    21:         <%= link_to tag, tagged_path(tag: tag) %>
    22:       <% end %></td>
    23:     </tr>
  
app/views/tasks/index.html.erb:20:in `block in _app_views_tasks_index_html_erb__2965091352173981132_70365992833140'
app/views/tasks/index.html.erb:11:in `_app_views_tasks_index_html_erb__2965091352173981132_70365992833140'
Started GET "/" for 127.0.0.1 at 2019-01-10 01:07:16 +0800
Processing by WelcomeController#index as HTML
  Rendering welcome/index.html.erb within layouts/application
  Rendered welcome/index.html.erb within layouts/application (1.6ms)
Completed 200 OK in 328ms (Views: 325.8ms | ActiveRecord: 0.0ms)


Started GET "/tasks" for 127.0.0.1 at 2019-01-10 01:07:18 +0800
Processing by TasksController#index as HTML
  Rendering tasks/index.html.erb within layouts/application
  [1m[36mTask Load (0.7ms)[0m  [1m[34mSELECT "tasks".* FROM "tasks"[0m
  ↳ app/views/tasks/index.html.erb:11
  [1m[36mTag Load (0.6ms)[0m  [1m[34mSELECT "tags".* FROM "tags" INNER JOIN "taggings" ON "tags"."id" = "taggings"."tag_id" WHERE "taggings"."task_id" = ?[0m  [["task_id", 1]]
  ↳ app/models/task.rb:13
  Rendered tasks/index.html.erb within layouts/application (49.3ms)
Completed 500 Internal Server Error in 68ms (ActiveRecord: 1.3ms)


  
ActionView::Template::Error (undefined method `each' for "work, recreation":String):
    17:       <td><%= link_to 'Delete', task_path(task),
    18:               method: :delete,
    19:               data: { confirm: 'Are you sure?' } %></td>
    20:       <td><%= task.tag_list.each do |tag| %>
    21:         <%= link_to tag, tagged_path(tag: tag) %>
    22:       <% end %></td>
    23:     </tr>
  
app/views/tasks/index.html.erb:20:in `block in _app_views_tasks_index_html_erb__2965091352173981132_70365858534880'
app/views/tasks/index.html.erb:11:in `_app_views_tasks_index_html_erb__2965091352173981132_70365858534880'
Started GET "/tasks" for 127.0.0.1 at 2019-01-10 01:08:23 +0800
Processing by TasksController#index as HTML
  Rendering tasks/index.html.erb within layouts/application
  [1m[36mTask Load (0.3ms)[0m  [1m[34mSELECT "tasks".* FROM "tasks"[0m
  ↳ app/views/tasks/index.html.erb:11
  Rendered tasks/index.html.erb within layouts/application (334.0ms)
Completed 500 Internal Server Error in 340ms (ActiveRecord: 0.3ms)


  
ActionView::Template::Error (undefined local variable or method `tas' for #<#<Class:0x00007ffeb80388b0>:0x00007ffea84e4ce8>
Did you mean?  task
               tap
               tag):
    17:       <td><%= link_to 'Delete', task_path(task),
    18:               method: :delete,
    19:               data: { confirm: 'Are you sure?' } %></td>
    20:       <td><%= raw tas.tag_list %></td>
    21:     </tr>
    22:   <% end %>
    23: </table>
  
app/views/tasks/index.html.erb:20:in `block in _app_views_tasks_index_html_erb__2965091352173981132_70365861063420'
app/views/tasks/index.html.erb:11:in `_app_views_tasks_index_html_erb__2965091352173981132_70365861063420'
Started GET "/tasks" for 127.0.0.1 at 2019-01-10 01:08:31 +0800
Processing by TasksController#index as HTML
  Rendering tasks/index.html.erb within layouts/application
  [1m[36mTask Load (0.7ms)[0m  [1m[34mSELECT "tasks".* FROM "tasks"[0m
  ↳ app/views/tasks/index.html.erb:11
  [1m[36mTag Load (0.6ms)[0m  [1m[34mSELECT "tags".* FROM "tags" INNER JOIN "taggings" ON "tags"."id" = "taggings"."tag_id" WHERE "taggings"."task_id" = ?[0m  [["task_id", 1]]
  ↳ app/models/task.rb:13
  Rendered tasks/index.html.erb within layouts/application (39.4ms)
Completed 200 OK in 116ms (Views: 110.0ms | ActiveRecord: 1.2ms)


